[debug] [2023-01-11T16:21:57.188Z] ----------------------------------------------------------------------
[debug] [2023-01-11T16:21:57.191Z] Command:       C:\Program Files\nodejs\node.exe C:\Users\username\AppData\Roaming\npm\node_modules\firebase-tools\lib\bin\firebase.js init
[debug] [2023-01-11T16:21:57.191Z] CLI Version:   11.19.0
[debug] [2023-01-11T16:21:57.192Z] Platform:      win32
[debug] [2023-01-11T16:21:57.192Z] Node Version:  v18.12.1
[debug] [2023-01-11T16:21:57.193Z] Time:          Wed Jan 11 2023 17:21:57 GMT+0100 (Central European Standard Time)
[debug] [2023-01-11T16:21:57.194Z] ----------------------------------------------------------------------
[debug] 
[debug] [2023-01-11T16:21:57.204Z] > command requires scopes: ["email","openid","https://www.googleapis.com/auth/cloudplatformprojects.readonly","https://www.googleapis.com/auth/firebase","https://www.googleapis.com/auth/cloud-platform"]
[debug] [2023-01-11T16:21:57.205Z] > authorizing via signed-in user (gergotamasi1234567890@gmail.com)
[info] 
     ######## #### ########  ######## ########     ###     ######  ########
     ##        ##  ##     ## ##       ##     ##  ##   ##  ##       ##
     ######    ##  ########  ######   ########  #########  ######  ######
     ##        ##  ##    ##  ##       ##     ## ##     ##       ## ##
     ##       #### ##     ## ######## ########  ##     ##  ######  ########

You're about to initialize a Firebase project in this directory:

  C:\Users\username\Desktop\rák

[info] 
=== Project Setup
[info] 
[info] First, let's associate this project directory with a Firebase project.
[info] You can create multiple project aliases by running firebase use --add, 
[info] but for now we'll just set up a default project.
[info] 
[debug] [2023-01-11T16:22:04.879Z] >>> [apiv2][query] GET https://firebase.googleapis.com/v1beta1/projects pageSize=100
[debug] [2023-01-11T16:22:05.435Z] <<< [apiv2][status] GET https://firebase.googleapis.com/v1beta1/projects 200
[debug] [2023-01-11T16:22:05.435Z] <<< [apiv2][body] GET https://firebase.googleapis.com/v1beta1/projects [omitted]
